ISim log file
Running: C:\hlocal\chs\p1\tb_sumador_4bits_isim_beh.exe -intstyle ise -gui -tclbatch isim.cmd -wdb C:/hlocal/chs/p1/tb_sumador_4bits_isim_beh.wdb 
ISim P.15xf (signature 0xc3576ebc)
----------------------------------------------------------------------
INFO:Security:50 - The XILINXD_LICENSE_FILE environment variable is set to 'C:\software\electronica\xilinx\14.1\ISE_DS\common\licenses\xilinx.lic'.
INFO:Security:52 - The LM_LICENSE_FILE environment variable is set to '1717@fdilicencias1;2100@fdilicencias1'.
WARNING:Security:43 - No license file was found in the standard Xilinx license directory.
WARNING:Security:44 - Since no license file was found,
       please run the Xilinx License Configuration Manager
       (xlcm or "Manage Xilinx Licenses")
       to assist in obtaining a license.
WARNING:Security:42 - Your software subscription period has lapsed. Your current version of Xilinx tools will continue to function, but you no longer qualify for Xilinx software updates or new releases.


----------------------------------------------------------------------
This is a Full version of ISim.
Time resolution is 1 ps
# onerror resume
# wave add /
# run 1000 ns
Simulator is doing circuit initialization process.
Finished circuit initialization process.
at 10 ns: Error: Error: suma incorrecta
at 30 ns: Error: Error: suma incorrecta
at 50 ns: Error: Error: suma incorrecta
at 70 ns: Error: Error: suma incorrecta
at 90 ns: Error: Error: suma incorrecta
at 110 ns: Error: Error: suma incorrecta
at 130 ns: Error: Error: suma incorrecta
at 150 ns: Error: Error: suma incorrecta
at 170 ns: Error: Error: suma incorrecta
at 190 ns: Error: Error: suma incorrecta
at 210 ns: Error: Error: suma incorrecta
at 230 ns: Error: Error: suma incorrecta
at 250 ns: Error: Error: suma incorrecta
at 270 ns: Error: Error: suma incorrecta
at 290 ns: Error: Error: suma incorrecta
at 310 ns: Error: Error: suma incorrecta
at 330 ns: Error: Error: suma incorrecta
at 350 ns: Error: Error: suma incorrecta
at 370 ns: Error: Error: suma incorrecta
at 390 ns: Error: Error: suma incorrecta
at 410 ns: Error: Error: suma incorrecta
at 430 ns: Error: Error: suma incorrecta
at 450 ns: Error: Error: suma incorrecta
at 470 ns: Error: Error: suma incorrecta
at 490 ns: Error: Error: suma incorrecta
at 510 ns: Error: Error: suma incorrecta
at 530 ns: Error: Error: suma incorrecta
at 550 ns: Error: Error: suma incorrecta
at 570 ns: Error: Error: suma incorrecta
at 590 ns: Error: Error: suma incorrecta
at 610 ns: Error: Error: suma incorrecta
at 630 ns: Error: Error: suma incorrecta
at 650 ns: Error: Error: suma incorrecta
at 670 ns: Error: Error: suma incorrecta
at 690 ns: Error: Error: suma incorrecta
at 710 ns: Error: Error: suma incorrecta
at 730 ns: Error: Error: suma incorrecta
at 750 ns: Error: Error: suma incorrecta
at 770 ns: Error: Error: suma incorrecta
at 790 ns: Error: Error: suma incorrecta
at 810 ns: Error: Error: suma incorrecta
at 830 ns: Error: Error: suma incorrecta
at 850 ns: Error: Error: suma incorrecta
at 870 ns: Error: Error: suma incorrecta
at 890 ns: Error: Error: suma incorrecta
at 910 ns: Error: Error: suma incorrecta
at 930 ns: Error: Error: suma incorrecta
at 950 ns: Error: Error: suma incorrecta
at 970 ns: Error: Error: suma incorrecta
at 990 ns: Error: Error: suma incorrecta
