INFO:sim:172 - Generating IP...
Applying current project options...
Finished applying current project options.
WARNING:sim - VHDL simulation file type 'Behavioral' is not valid for this core.
   Overriding with simulation file type 'Structural'.
WARNING:sim - A core named 'microblaze_mcs' already exists in the project.
   Output products for this core may be overwritten.
Resolving generics for 'microblaze_mcs'...
WARNING:sim - VHDL simulation file type 'Behavioral' is not valid for this core.
   Overriding with simulation file type 'Structural'.
WARNING:sim - A core named 'microblaze_mcs' already exists in the project.
   Output products for this core may be overwritten.
Applying external generics to 'microblaze_mcs'...
Delivering associated files for 'microblaze_mcs'...
Generating implementation netlist for 'microblaze_mcs'...
INFO:sim - Pre-processing HDL files for 'microblaze_mcs'...
Running synthesis for 'microblaze_mcs'
Running ngcbuild...
Delivered 3 files into directory
C:/hlocal/HelloWorldMicroBlaze/ipcore_dir/tmp/_cg/microblaze_mcs
INFO:sim - Running microblaze_mcs_gen_script.tcl
INFO:sim - Please source the "microblaze_mcs_setup.tcl" script in the Tcl
   Console to complete MicroBlaze MCS core generation
Writing VHO instantiation template for 'microblaze_mcs'...
WARNING:sim - VHDL simulation file type 'Behavioral' is not valid for this core.
   Overriding with simulation file type 'Structural'.
Writing VHDL structural simulation model for 'microblaze_mcs'...
WARNING:sim - VHDL simulation file type 'Behavioral' is not valid for this core.
   Overriding with simulation file type 'Structural'.
INFO:sim - Running microblaze_mcs_sim_script.tcl
INFO:sim - C_MICROBLAZE_INSTANCE = microblaze_mcs
INFO:sim - Netlist filename = ./_cg/microblaze_mcs.vhd
Generating ASY schematic symbol...
INFO:sim:949 - Finished generation of ASY schematic symbol.
Generating SYM schematic symbol for 'microblaze_mcs'...
Regenerating ISE project file for 'microblaze_mcs'...
Generating README file...
Generating FLIST file...
INFO:sim:948 - Finished FLIST file generation.
Launching README viewer...
Moving files to output directory...
Finished moving files to output directory
Wrote CGP file for project 'microblaze_mcs'.
