INFO:sim:172 - Generating IP...
Applying current project options...
Finished applying current project options.
WARNING:sim - A core named 'fifo' already exists in the project. Output products
   for this core may be overwritten.
Resolving generics for 'fifo'...
WARNING:sim - A core named 'fifo' already exists in the project. Output products
   for this core may be overwritten.
Applying external generics to 'fifo'...
Delivering associated files for 'fifo'...
WARNING:sim - Component fifo_generator_v9_1 does not have a valid model name for
   VHDL synthesis
Delivering EJava files for 'fifo'...
Generating implementation netlist for 'fifo'...
INFO:sim - Pre-processing HDL files for 'fifo'...
WARNING:sim - BlackBox generator run option '-ifmt' found multiple times. Only
   the first occurence is considered.
Running synthesis for 'fifo'
Running ngcbuild...
Writing VHO instantiation template for 'fifo'...
Writing VHDL behavioral simulation model for 'fifo'...
Generating ASY schematic symbol...
INFO:sim:949 - Finished generation of ASY schematic symbol.
Generating SYM schematic symbol for 'fifo'...
Generating metadata file...
Generating ISE project...
XCO file found: fifo.xco
XMDF file found: fifo_xmdf.tcl
Adding C:/hlocal/chs/Pr1/MyHello/ipcore_dir/tmp/_cg/fifo.asy -view all
-origin_type imported
Adding C:/hlocal/chs/Pr1/MyHello/ipcore_dir/tmp/_cg/fifo.ngc -view all
-origin_type created
Checking file "C:/hlocal/chs/Pr1/MyHello/ipcore_dir/tmp/_cg/fifo.ngc" for
project device match ...
File "C:/hlocal/chs/Pr1/MyHello/ipcore_dir/tmp/_cg/fifo.ngc" device information
matches project device.
Adding C:/hlocal/chs/Pr1/MyHello/ipcore_dir/tmp/_cg/fifo.sym -view all
-origin_type imported
Adding C:/hlocal/chs/Pr1/MyHello/ipcore_dir/tmp/_cg/fifo.vhd -view all
-origin_type created
INFO:HDLCompiler:1061 - Parsing VHDL file
   "C:/hlocal/chs/Pr1/MyHello/ipcore_dir/tmp/_cg/fifo.vhd" into library work
INFO:ProjectMgmt - Parsing design hierarchy completed successfully.
Adding C:/hlocal/chs/Pr1/MyHello/ipcore_dir/tmp/_cg/fifo.vho -view all
-origin_type imported
INFO:TclTasksC:2116 - The automatic calculation of top has been turned-off.
   Please set the new top explicitly by running the "project set top" command.
   To re-calculate the new top automatically, set the "Auto Implementation Top"
   property to true.
Top level has been set to "/fifo"
Generating README file...
Generating FLIST file...
INFO:sim:948 - Finished FLIST file generation.
Launching README viewer...
Moving files to output directory...
Finished moving files to output directory
Wrote CGP file for project 'fifo'.
